<?xml version="1.0" encoding="UTF-8"?>
<!-- Generated by org.testng.reporters.JUnitReportReporter -->
<testsuite hostname="DTNBNAUD528014T" name="com.unisuper.assignment.Angular.Test.TestClass" tests="9" failures="0" timestamp="6 Jun 2017 02:42:55 GMT" time="85.752" errors="0">
  <testcase name="CompleteTodo" time="8.941" classname="com.unisuper.assignment.Angular.Test.TestClass"/>
  <testcase name="ReactivateCompleteTodo" time="8.961" classname="com.unisuper.assignment.Angular.Test.TestClass"/>
  <testcase name="CompleteTodoFilter" time="9.047" classname="com.unisuper.assignment.Angular.Test.TestClass"/>
  <testcase name="Add2Todo" time="11.059" classname="com.unisuper.assignment.Angular.Test.TestClass"/>
  <testcase name="CompleteALLTodo" time="9.515" classname="com.unisuper.assignment.Angular.Test.TestClass"/>
  <testcase name="DeleteTodo" time="9.646" classname="com.unisuper.assignment.Angular.Test.TestClass"/>
  <testcase name="AddTodo" time="8.934" classname="com.unisuper.assignment.Angular.Test.TestClass"/>
  <testcase name="EditExistingTodo" time="8.962" classname="com.unisuper.assignment.Angular.Test.TestClass"/>
  <testcase name="DeleteAllTodo" time="10.687" classname="com.unisuper.assignment.Angular.Test.TestClass"/>
</testsuite> <!-- com.unisuper.assignment.Angular.Test.TestClass -->
